@SP
AM=M-1
D=M
@SP
AM=M-1
M=D+M
@SP
M=M+1
@SP
AM=M-1
!M
@SP
M=M+1
@SP
AM=M-1
D=M
@SP
AM=M-1
M=D&M
@SP
M=M+1
@SP
AM=M-1
D=M
@SP
AM=M-1
D=D-M
@TRUE
D;JGE
(FALSE21)
@0
D=A
@SP
A=M
M=D
@END
0;JMP
(TRUE21)
@1
D=A
@SP
A=M
M=D
(END21)
@SP
M=M+1
@16
D=M
@0
A=D+A
D=M
@SP
A=M
M=D
@SP
M=M+1
@LCL
D=M
@5
A=D+A
D=M
@SP
A=M
M=D
@SP
M=M+1
@ARG
D=M
@5
A=D+A
D=M
@SP
A=M
M=D
@SP
M=M+1
@24
D=A
@SP
A=M
M=D
@SP
M=M+1
@ARG
D=M
@5
D=D+A
@R13
M=D
@SP
AM=M-1
D=M
@R13
A=M
M=D
@LCL
D=M
@7
D=D+A
@R13
M=D
@SP
AM=M-1
D=M
@R13
A=M
M=D
@37
D=A
@R13
M=D
@SP
AM=M-1
D=M
@R13
A=M
M=D
